  [1m[36m (12.7ms)[0m  [1mCREATE TABLE "schema_migrations" ("version" varchar NOT NULL) [0m
  [1m[35m (0.1ms)[0m  select sqlite_version(*)
  [1m[36m (21.3ms)[0m  [1mCREATE UNIQUE INDEX "unique_schema_migrations" ON "schema_migrations" ("version")[0m
  [1m[35mActiveRecord::SchemaMigration Load (0.1ms)[0m  SELECT "schema_migrations".* FROM "schema_migrations"
Migrating to CreateMovies (20111119180638)
  [1m[36m (0.6ms)[0m  [1mbegin transaction[0m
DEPRECATION WARNING: `#timestamps` was called without specifying an option for `null`. In Rails 5, this behavior will change to `null: false`. You should manually specify `null: true` to prevent the behavior of your existing migrations from changing. (called from block in up at /home/jaime/Documentos/Examen-Final-CC3S2/Actividad-EF/db/migrate/20111119180638_create_movies.rb:10)
  [1m[35m (1.0ms)[0m  CREATE TABLE "movies" ("id" INTEGER PRIMARY KEY AUTOINCREMENT NOT NULL, "title" varchar, "rating" varchar, "description" text, "release_date" datetime, "created_at" datetime, "updated_at" datetime) 
  [1m[36mSQL (1.0ms)[0m  [1mINSERT INTO "schema_migrations" ("version") VALUES (?)[0m  [["version", "20111119180638"]]
  [1m[35m (9.4ms)[0m  commit transaction
  [1m[36mActiveRecord::SchemaMigration Load (0.0ms)[0m  [1mSELECT "schema_migrations".* FROM "schema_migrations"[0m
  [1m[36mActiveRecord::SchemaMigration Load (0.1ms)[0m  [1mSELECT "schema_migrations".* FROM "schema_migrations"[0m
  [1m[35m (0.1ms)[0m  begin transaction
  [1m[36mSQL (6.3ms)[0m  [1mINSERT INTO "movies" ("title", "rating", "release_date", "created_at", "updated_at") VALUES (?, ?, ?, ?, ?)[0m  [["title", "Aladdin"], ["rating", "G"], ["release_date", "1992-11-25 00:00:00.000000"], ["created_at", "2023-12-13 12:43:30.417846"], ["updated_at", "2023-12-13 12:43:30.417846"]]
  [1m[35m (14.7ms)[0m  commit transaction
  [1m[36m (0.0ms)[0m  [1mbegin transaction[0m
  [1m[35mSQL (0.3ms)[0m  INSERT INTO "movies" ("title", "rating", "release_date", "created_at", "updated_at") VALUES (?, ?, ?, ?, ?)  [["title", "The Terminator"], ["rating", "R"], ["release_date", "1984-10-26 00:00:00.000000"], ["created_at", "2023-12-13 12:43:30.440997"], ["updated_at", "2023-12-13 12:43:30.440997"]]
  [1m[36m (7.3ms)[0m  [1mcommit transaction[0m
  [1m[35m (0.1ms)[0m  begin transaction
  [1m[36mSQL (0.4ms)[0m  [1mINSERT INTO "movies" ("title", "rating", "release_date", "created_at", "updated_at") VALUES (?, ?, ?, ?, ?)[0m  [["title", "When Harry Met Sally"], ["rating", "R"], ["release_date", "1989-07-21 00:00:00.000000"], ["created_at", "2023-12-13 12:43:30.451016"], ["updated_at", "2023-12-13 12:43:30.451016"]]
  [1m[35m (6.7ms)[0m  commit transaction
  [1m[36m (0.0ms)[0m  [1mbegin transaction[0m
  [1m[35mSQL (0.3ms)[0m  INSERT INTO "movies" ("title", "rating", "release_date", "created_at", "updated_at") VALUES (?, ?, ?, ?, ?)  [["title", "The Help"], ["rating", "PG-13"], ["release_date", "2011-08-10 00:00:00.000000"], ["created_at", "2023-12-13 12:43:30.459520"], ["updated_at", "2023-12-13 12:43:30.459520"]]
  [1m[36m (7.2ms)[0m  [1mcommit transaction[0m
  [1m[35m (0.1ms)[0m  begin transaction
  [1m[36mSQL (0.2ms)[0m  [1mINSERT INTO "movies" ("title", "rating", "release_date", "created_at", "updated_at") VALUES (?, ?, ?, ?, ?)[0m  [["title", "Chocolat"], ["rating", "PG-13"], ["release_date", "2001-01-05 00:00:00.000000"], ["created_at", "2023-12-13 12:43:30.468607"], ["updated_at", "2023-12-13 12:43:30.468607"]]
  [1m[35m (6.9ms)[0m  commit transaction
  [1m[36m (0.0ms)[0m  [1mbegin transaction[0m
  [1m[35mSQL (0.2ms)[0m  INSERT INTO "movies" ("title", "rating", "release_date", "created_at", "updated_at") VALUES (?, ?, ?, ?, ?)  [["title", "Amelie"], ["rating", "R"], ["release_date", "2001-04-25 00:00:00.000000"], ["created_at", "2023-12-13 12:43:30.477090"], ["updated_at", "2023-12-13 12:43:30.477090"]]
  [1m[36m (6.2ms)[0m  [1mcommit transaction[0m
  [1m[35m (0.0ms)[0m  begin transaction
  [1m[36mSQL (0.3ms)[0m  [1mINSERT INTO "movies" ("title", "rating", "release_date", "created_at", "updated_at") VALUES (?, ?, ?, ?, ?)[0m  [["title", "2001: A Space Odyssey"], ["rating", "G"], ["release_date", "1968-04-06 00:00:00.000000"], ["created_at", "2023-12-13 12:43:30.484941"], ["updated_at", "2023-12-13 12:43:30.484941"]]
  [1m[35m (8.0ms)[0m  commit transaction
  [1m[36m (0.1ms)[0m  [1mbegin transaction[0m
  [1m[35mSQL (1.3ms)[0m  INSERT INTO "movies" ("title", "rating", "release_date", "created_at", "updated_at") VALUES (?, ?, ?, ?, ?)  [["title", "The Incredibles"], ["rating", "PG"], ["release_date", "2004-11-05 00:00:00.000000"], ["created_at", "2023-12-13 12:43:30.495167"], ["updated_at", "2023-12-13 12:43:30.495167"]]
  [1m[36m (8.0ms)[0m  [1mcommit transaction[0m
  [1m[35m (0.1ms)[0m  begin transaction
  [1m[36mSQL (1.3ms)[0m  [1mINSERT INTO "movies" ("title", "rating", "release_date", "created_at", "updated_at") VALUES (?, ?, ?, ?, ?)[0m  [["title", "Raiders of the Lost Ark"], ["rating", "PG"], ["release_date", "1981-06-12 00:00:00.000000"], ["created_at", "2023-12-13 12:43:30.506702"], ["updated_at", "2023-12-13 12:43:30.506702"]]
  [1m[35m (7.8ms)[0m  commit transaction
  [1m[36m (0.1ms)[0m  [1mbegin transaction[0m
  [1m[35mSQL (1.0ms)[0m  INSERT INTO "movies" ("title", "rating", "release_date", "created_at", "updated_at") VALUES (?, ?, ?, ?, ?)  [["title", "Chicken Run"], ["rating", "G"], ["release_date", "2000-06-21 00:00:00.000000"], ["created_at", "2023-12-13 12:43:30.517734"], ["updated_at", "2023-12-13 12:43:30.517734"]]
  [1m[36m (7.3ms)[0m  [1mcommit transaction[0m
  [1m[36mActiveRecord::SchemaMigration Load (0.1ms)[0m  [1mSELECT "schema_migrations".* FROM "schema_migrations"[0m
  [1m[35m (0.0ms)[0m  begin transaction
  [1m[36mSQL (0.4ms)[0m  [1mINSERT INTO "movies" ("title", "rating", "release_date", "created_at", "updated_at") VALUES (?, ?, ?, ?, ?)[0m  [["title", "Aladdin"], ["rating", "G"], ["release_date", "1992-11-25 00:00:00.000000"], ["created_at", "2023-12-13 12:44:08.233636"], ["updated_at", "2023-12-13 12:44:08.233636"]]
  [1m[35m (14.6ms)[0m  commit transaction
  [1m[36m (0.1ms)[0m  [1mbegin transaction[0m
  [1m[35mSQL (0.1ms)[0m  INSERT INTO "movies" ("title", "rating", "release_date", "created_at", "updated_at") VALUES (?, ?, ?, ?, ?)  [["title", "The Terminator"], ["rating", "R"], ["release_date", "1984-10-26 00:00:00.000000"], ["created_at", "2023-12-13 12:44:08.250272"], ["updated_at", "2023-12-13 12:44:08.250272"]]
  [1m[36m (12.0ms)[0m  [1mcommit transaction[0m
  [1m[35m (0.1ms)[0m  begin transaction
  [1m[36mSQL (0.0ms)[0m  [1mINSERT INTO "movies" ("title", "rating", "release_date", "created_at", "updated_at") VALUES (?, ?, ?, ?, ?)[0m  [["title", "When Harry Met Sally"], ["rating", "R"], ["release_date", "1989-07-21 00:00:00.000000"], ["created_at", "2023-12-13 12:44:08.264772"], ["updated_at", "2023-12-13 12:44:08.264772"]]
  [1m[35m (11.4ms)[0m  commit transaction
  [1m[36m (0.3ms)[0m  [1mbegin transaction[0m
  [1m[35mSQL (1.7ms)[0m  INSERT INTO "movies" ("title", "rating", "release_date", "created_at", "updated_at") VALUES (?, ?, ?, ?, ?)  [["title", "The Help"], ["rating", "PG-13"], ["release_date", "2011-08-10 00:00:00.000000"], ["created_at", "2023-12-13 12:44:08.280838"], ["updated_at", "2023-12-13 12:44:08.280838"]]
  [1m[36m (12.1ms)[0m  [1mcommit transaction[0m
  [1m[35m (0.1ms)[0m  begin transaction
  [1m[36mSQL (0.1ms)[0m  [1mINSERT INTO "movies" ("title", "rating", "release_date", "created_at", "updated_at") VALUES (?, ?, ?, ?, ?)[0m  [["title", "Chocolat"], ["rating", "PG-13"], ["release_date", "2001-01-05 00:00:00.000000"], ["created_at", "2023-12-13 12:44:08.297950"], ["updated_at", "2023-12-13 12:44:08.297950"]]
  [1m[35m (13.2ms)[0m  commit transaction
  [1m[36m (0.0ms)[0m  [1mbegin transaction[0m
  [1m[35mSQL (0.3ms)[0m  INSERT INTO "movies" ("title", "rating", "release_date", "created_at", "updated_at") VALUES (?, ?, ?, ?, ?)  [["title", "Amelie"], ["rating", "R"], ["release_date", "2001-04-25 00:00:00.000000"], ["created_at", "2023-12-13 12:44:08.312958"], ["updated_at", "2023-12-13 12:44:08.312958"]]
  [1m[36m (18.2ms)[0m  [1mcommit transaction[0m
  [1m[35m (0.1ms)[0m  begin transaction
  [1m[36mSQL (0.2ms)[0m  [1mINSERT INTO "movies" ("title", "rating", "release_date", "created_at", "updated_at") VALUES (?, ?, ?, ?, ?)[0m  [["title", "2001: A Space Odyssey"], ["rating", "G"], ["release_date", "1968-04-06 00:00:00.000000"], ["created_at", "2023-12-13 12:44:08.332947"], ["updated_at", "2023-12-13 12:44:08.332947"]]
  [1m[35m (6.3ms)[0m  commit transaction
  [1m[36m (0.0ms)[0m  [1mbegin transaction[0m
  [1m[35mSQL (0.2ms)[0m  INSERT INTO "movies" ("title", "rating", "release_date", "created_at", "updated_at") VALUES (?, ?, ?, ?, ?)  [["title", "The Incredibles"], ["rating", "PG"], ["release_date", "2004-11-05 00:00:00.000000"], ["created_at", "2023-12-13 12:44:08.340852"], ["updated_at", "2023-12-13 12:44:08.340852"]]
  [1m[36m (7.0ms)[0m  [1mcommit transaction[0m
  [1m[35m (0.0ms)[0m  begin transaction
  [1m[36mSQL (0.2ms)[0m  [1mINSERT INTO "movies" ("title", "rating", "release_date", "created_at", "updated_at") VALUES (?, ?, ?, ?, ?)[0m  [["title", "Raiders of the Lost Ark"], ["rating", "PG"], ["release_date", "1981-06-12 00:00:00.000000"], ["created_at", "2023-12-13 12:44:08.349351"], ["updated_at", "2023-12-13 12:44:08.349351"]]
  [1m[35m (6.9ms)[0m  commit transaction
  [1m[36m (0.0ms)[0m  [1mbegin transaction[0m
  [1m[35mSQL (0.2ms)[0m  INSERT INTO "movies" ("title", "rating", "release_date", "created_at", "updated_at") VALUES (?, ?, ?, ?, ?)  [["title", "Chicken Run"], ["rating", "G"], ["release_date", "2000-06-21 00:00:00.000000"], ["created_at", "2023-12-13 12:44:08.357785"], ["updated_at", "2023-12-13 12:44:08.357785"]]
  [1m[36m (7.2ms)[0m  [1mcommit transaction[0m


Started GET "/movies" for 127.0.0.1 at 2023-12-13 07:45:59 -0500
Processing by MoviesController#index as HTML
Redirected to http://localhost:3000/movies?ratings%5BG%5D=1&ratings%5BPG%5D=1&ratings%5BPG-13%5D=1&ratings%5BR%5D=1&sort_by=id
Filter chain halted as :force_index_redirect rendered or redirected
Completed 302 Found in 61ms (ActiveRecord: 0.0ms)


Started GET "/movies?ratings%5BG%5D=1&ratings%5BPG%5D=1&ratings%5BPG-13%5D=1&ratings%5BR%5D=1&sort_by=id" for 127.0.0.1 at 2023-12-13 07:46:00 -0500
Processing by MoviesController#index as HTML
  Parameters: {"ratings"=>{"G"=>"1", "PG"=>"1", "PG-13"=>"1", "R"=>"1"}, "sort_by"=>"id"}
  [1m[36mMovie Load (3.6ms)[0m  [1mSELECT "movies".* FROM "movies" WHERE "movies"."rating" IN ('G', 'PG', 'PG-13', 'R')  ORDER BY id[0m
  Rendered movies/index.html.erb within layouts/application (121.1ms)
  Rendered layouts/_flash.erb (0.4ms)
Completed 200 OK in 874ms (Views: 845.8ms | ActiveRecord: 13.0ms)


Started GET "/assets/application.self-021ca269f52f282e3a94c3868170f31d36c5e40ed7da2ff9b2a8c3fd3165d8f8.css?body=1" for 127.0.0.1 at 2023-12-13 07:46:02 -0500


Started GET "/assets/application.self-377610cd7c1509e934744c810e3b4cf672dfbcacac3274e7d039827e2ae0fcc7.js?body=1" for 127.0.0.1 at 2023-12-13 07:46:02 -0500


Started GET "/" for 127.0.0.1 at 2023-12-13 07:46:10 -0500


Started GET "/movies" for 127.0.0.1 at 2023-12-13 07:46:10 -0500
Processing by MoviesController#index as HTML
Redirected to http://localhost:3000/movies?ratings%5BG%5D=1&ratings%5BPG%5D=1&ratings%5BPG-13%5D=1&ratings%5BR%5D=1&sort_by=id
Filter chain halted as :force_index_redirect rendered or redirected
Completed 302 Found in 1ms (ActiveRecord: 0.0ms)


Started GET "/movies?ratings%5BG%5D=1&ratings%5BPG%5D=1&ratings%5BPG-13%5D=1&ratings%5BR%5D=1&sort_by=id" for 127.0.0.1 at 2023-12-13 07:46:11 -0500
Processing by MoviesController#index as HTML
  Parameters: {"ratings"=>{"G"=>"1", "PG"=>"1", "PG-13"=>"1", "R"=>"1"}, "sort_by"=>"id"}
  [1m[35mMovie Load (1.0ms)[0m  SELECT "movies".* FROM "movies" WHERE "movies"."rating" IN ('G', 'PG', 'PG-13', 'R')  ORDER BY id
  Rendered movies/index.html.erb within layouts/application (3.6ms)
  Rendered layouts/_flash.erb (0.1ms)
Completed 200 OK in 14ms (Views: 12.0ms | ActiveRecord: 1.0ms)


Started GET "/movies?ratings%5BG%5D=1&ratings%5BPG%5D=1&ratings%5BPG-13%5D=1&ratings%5BR%5D=1&sort_by=id" for 127.0.0.1 at 2023-12-13 07:49:20 -0500
Processing by MoviesController#index as HTML
  Parameters: {"ratings"=>{"G"=>"1", "PG"=>"1", "PG-13"=>"1", "R"=>"1"}, "sort_by"=>"id"}
  [1m[36mMovie Load (0.5ms)[0m  [1mSELECT "movies".* FROM "movies" WHERE "movies"."rating" IN ('G', 'PG', 'PG-13', 'R')  ORDER BY id[0m
  Rendered movies/index.html.erb within layouts/application (57.2ms)
  Rendered layouts/_flash.erb (0.4ms)
Completed 200 OK in 539ms (Views: 485.9ms | ActiveRecord: 2.5ms)
  [1m[36mSQL (42.2ms)[0m  [1mDELETE FROM "movies"[0m
  [1m[36mActiveRecord::SchemaMigration Load (1.2ms)[0m  [1mSELECT "schema_migrations".* FROM "schema_migrations"[0m
  [1m[35m (0.7ms)[0m  begin transaction
  [1m[36mSQL (2.5ms)[0m  [1mINSERT INTO "movies" ("title", "rating", "release_date", "created_at", "updated_at") VALUES (?, ?, ?, ?, ?)[0m  [["title", "Aladdin"], ["rating", "G"], ["release_date", "1992-11-25 00:00:00.000000"], ["created_at", "2023-12-13 12:57:05.003465"], ["updated_at", "2023-12-13 12:57:05.003465"]]
  [1m[35m (7.3ms)[0m  commit transaction
  [1m[36m (0.1ms)[0m  [1mbegin transaction[0m
  [1m[35mSQL (0.8ms)[0m  INSERT INTO "movies" ("title", "rating", "release_date", "created_at", "updated_at") VALUES (?, ?, ?, ?, ?)  [["title", "The Terminator"], ["rating", "R"], ["release_date", "1984-10-26 00:00:00.000000"], ["created_at", "2023-12-13 12:57:05.016659"], ["updated_at", "2023-12-13 12:57:05.016659"]]
  [1m[36m (10.4ms)[0m  [1mcommit transaction[0m
  [1m[35m (0.1ms)[0m  begin transaction
  [1m[36mSQL (0.2ms)[0m  [1mINSERT INTO "movies" ("title", "rating", "release_date", "created_at", "updated_at") VALUES (?, ?, ?, ?, ?)[0m  [["title", "When Harry Met Sally"], ["rating", "R"], ["release_date", "1989-07-21 00:00:00.000000"], ["created_at", "2023-12-13 12:57:05.030121"], ["updated_at", "2023-12-13 12:57:05.030121"]]
  [1m[35m (13.8ms)[0m  commit transaction
  [1m[36m (0.1ms)[0m  [1mbegin transaction[0m
  [1m[35mSQL (0.2ms)[0m  INSERT INTO "movies" ("title", "rating", "release_date", "created_at", "updated_at") VALUES (?, ?, ?, ?, ?)  [["title", "The Help"], ["rating", "PG-13"], ["release_date", "2011-08-10 00:00:00.000000"], ["created_at", "2023-12-13 12:57:05.046183"], ["updated_at", "2023-12-13 12:57:05.046183"]]
  [1m[36m (11.1ms)[0m  [1mcommit transaction[0m
  [1m[35m (2.2ms)[0m  begin transaction
  [1m[36mSQL (1.3ms)[0m  [1mINSERT INTO "movies" ("title", "rating", "release_date", "created_at", "updated_at") VALUES (?, ?, ?, ?, ?)[0m  [["title", "Chocolat"], ["rating", "PG-13"], ["release_date", "2001-01-05 00:00:00.000000"], ["created_at", "2023-12-13 12:57:05.072514"], ["updated_at", "2023-12-13 12:57:05.072514"]]
  [1m[35m (8.7ms)[0m  commit transaction
  [1m[36m (0.1ms)[0m  [1mbegin transaction[0m
  [1m[35mSQL (0.2ms)[0m  INSERT INTO "movies" ("title", "rating", "release_date", "created_at", "updated_at") VALUES (?, ?, ?, ?, ?)  [["title", "Amelie"], ["rating", "R"], ["release_date", "2001-04-25 00:00:00.000000"], ["created_at", "2023-12-13 12:57:05.085856"], ["updated_at", "2023-12-13 12:57:05.085856"]]
  [1m[36m (7.7ms)[0m  [1mcommit transaction[0m
  [1m[35m (0.1ms)[0m  begin transaction
  [1m[36mSQL (0.3ms)[0m  [1mINSERT INTO "movies" ("title", "rating", "release_date", "created_at", "updated_at") VALUES (?, ?, ?, ?, ?)[0m  [["title", "2001: A Space Odyssey"], ["rating", "G"], ["release_date", "1968-04-06 00:00:00.000000"], ["created_at", "2023-12-13 12:57:05.095568"], ["updated_at", "2023-12-13 12:57:05.095568"]]
  [1m[35m (8.0ms)[0m  commit transaction
  [1m[36m (0.0ms)[0m  [1mbegin transaction[0m
  [1m[35mSQL (0.9ms)[0m  INSERT INTO "movies" ("title", "rating", "release_date", "created_at", "updated_at") VALUES (?, ?, ?, ?, ?)  [["title", "The Incredibles"], ["rating", "PG"], ["release_date", "2004-11-05 00:00:00.000000"], ["created_at", "2023-12-13 12:57:05.105046"], ["updated_at", "2023-12-13 12:57:05.105046"]]
  [1m[36m (7.3ms)[0m  [1mcommit transaction[0m
  [1m[35m (0.1ms)[0m  begin transaction
  [1m[36mSQL (0.3ms)[0m  [1mINSERT INTO "movies" ("title", "rating", "release_date", "created_at", "updated_at") VALUES (?, ?, ?, ?, ?)[0m  [["title", "Raiders of the Lost Ark"], ["rating", "PG"], ["release_date", "1981-06-12 00:00:00.000000"], ["created_at", "2023-12-13 12:57:05.115380"], ["updated_at", "2023-12-13 12:57:05.115380"]]
  [1m[35m (9.8ms)[0m  commit transaction
  [1m[36m (0.1ms)[0m  [1mbegin transaction[0m
  [1m[35mSQL (0.2ms)[0m  INSERT INTO "movies" ("title", "rating", "release_date", "created_at", "updated_at") VALUES (?, ?, ?, ?, ?)  [["title", "Chicken Run"], ["rating", "G"], ["release_date", "2000-06-21 00:00:00.000000"], ["created_at", "2023-12-13 12:57:05.127336"], ["updated_at", "2023-12-13 12:57:05.127336"]]
  [1m[36m (8.2ms)[0m  [1mcommit transaction[0m


Started GET "/movies?ratings%5BG%5D=1&ratings%5BPG%5D=1&ratings%5BPG-13%5D=1&ratings%5BR%5D=1&sort_by=id" for 127.0.0.1 at 2023-12-13 07:57:09 -0500
Processing by MoviesController#index as HTML
  Parameters: {"ratings"=>{"G"=>"1", "PG"=>"1", "PG-13"=>"1", "R"=>"1"}, "sort_by"=>"id"}
  [1m[35mMovie Load (0.6ms)[0m  SELECT "movies".* FROM "movies" WHERE "movies"."rating" IN ('G', 'PG', 'PG-13', 'R')  ORDER BY id
  Rendered movies/index.html.erb within layouts/application (14.4ms)
  Rendered layouts/_flash.erb (0.2ms)
Completed 200 OK in 38ms (Views: 32.7ms | ActiveRecord: 0.6ms)


Started GET "/search_tmdb" for 127.0.0.1 at 2023-12-13 08:08:46 -0500

ActionController::RoutingError (No route matches [GET] "/search_tmdb"):
  actionpack (4.2.11) lib/action_dispatch/middleware/debug_exceptions.rb:21:in `call'
  web-console (3.3.0) lib/web_console/middleware.rb:131:in `call_app'
  web-console (3.3.0) lib/web_console/middleware.rb:28:in `block in call'
  web-console (3.3.0) lib/web_console/middleware.rb:18:in `catch'
  web-console (3.3.0) lib/web_console/middleware.rb:18:in `call'
  actionpack (4.2.11) lib/action_dispatch/middleware/show_exceptions.rb:30:in `call'
  railties (4.2.11) lib/rails/rack/logger.rb:38:in `call_app'
  railties (4.2.11) lib/rails/rack/logger.rb:20:in `block in call'
  activesupport (4.2.11) lib/active_support/tagged_logging.rb:68:in `block in tagged'
  activesupport (4.2.11) lib/active_support/tagged_logging.rb:26:in `tagged'
  activesupport (4.2.11) lib/active_support/tagged_logging.rb:68:in `tagged'
  railties (4.2.11) lib/rails/rack/logger.rb:20:in `call'
  actionpack (4.2.11) lib/action_dispatch/middleware/request_id.rb:21:in `call'
  rack (1.6.13) lib/rack/methodoverride.rb:22:in `call'
  rack (1.6.13) lib/rack/runtime.rb:18:in `call'
  activesupport (4.2.11) lib/active_support/cache/strategy/local_cache_middleware.rb:28:in `call'
  rack (1.6.13) lib/rack/lock.rb:17:in `call'
  actionpack (4.2.11) lib/action_dispatch/middleware/static.rb:120:in `call'
  rack (1.6.13) lib/rack/sendfile.rb:113:in `call'
  railties (4.2.11) lib/rails/engine.rb:518:in `call'
  railties (4.2.11) lib/rails/application.rb:165:in `call'
  rack (1.6.13) lib/rack/lock.rb:17:in `call'
  rack (1.6.13) lib/rack/content_length.rb:15:in `call'
  rack (1.6.13) lib/rack/handler/webrick.rb:88:in `service'
  /home/jaime/.rbenv/versions/2.6.6/lib/ruby/2.6.0/webrick/httpserver.rb:140:in `service'
  /home/jaime/.rbenv/versions/2.6.6/lib/ruby/2.6.0/webrick/httpserver.rb:96:in `run'
  /home/jaime/.rbenv/versions/2.6.6/lib/ruby/2.6.0/webrick/server.rb:307:in `block in start_thread'


  Rendered /home/jaime/.rbenv/versions/2.6.6/lib/ruby/gems/2.6.0/gems/actionpack-4.2.11/lib/action_dispatch/middleware/templates/rescues/_trace.html.erb (6.5ms)
  Rendered /home/jaime/.rbenv/versions/2.6.6/lib/ruby/gems/2.6.0/gems/actionpack-4.2.11/lib/action_dispatch/middleware/templates/routes/_route.html.erb (4.3ms)
  Rendered /home/jaime/.rbenv/versions/2.6.6/lib/ruby/gems/2.6.0/gems/actionpack-4.2.11/lib/action_dispatch/middleware/templates/routes/_table.html.erb (152.0ms)
  Rendered /home/jaime/.rbenv/versions/2.6.6/lib/ruby/gems/2.6.0/gems/actionpack-4.2.11/lib/action_dispatch/middleware/templates/rescues/_request_and_response.html.erb (6.7ms)
  Rendered /home/jaime/.rbenv/versions/2.6.6/lib/ruby/gems/2.6.0/gems/actionpack-4.2.11/lib/action_dispatch/middleware/templates/rescues/routing_error.html.erb within rescues/layout (240.9ms)


Started GET "/search_tmdb" for 127.0.0.1 at 2023-12-13 08:17:21 -0500

ActionController::RoutingError (No route matches [GET] "/search_tmdb"):
  actionpack (4.2.11) lib/action_dispatch/middleware/debug_exceptions.rb:21:in `call'
  web-console (3.3.0) lib/web_console/middleware.rb:131:in `call_app'
  web-console (3.3.0) lib/web_console/middleware.rb:28:in `block in call'
  web-console (3.3.0) lib/web_console/middleware.rb:18:in `catch'
  web-console (3.3.0) lib/web_console/middleware.rb:18:in `call'
  actionpack (4.2.11) lib/action_dispatch/middleware/show_exceptions.rb:30:in `call'
  railties (4.2.11) lib/rails/rack/logger.rb:38:in `call_app'
  railties (4.2.11) lib/rails/rack/logger.rb:20:in `block in call'
  activesupport (4.2.11) lib/active_support/tagged_logging.rb:68:in `block in tagged'
  activesupport (4.2.11) lib/active_support/tagged_logging.rb:26:in `tagged'
  activesupport (4.2.11) lib/active_support/tagged_logging.rb:68:in `tagged'
  railties (4.2.11) lib/rails/rack/logger.rb:20:in `call'
  actionpack (4.2.11) lib/action_dispatch/middleware/request_id.rb:21:in `call'
  rack (1.6.13) lib/rack/methodoverride.rb:22:in `call'
  rack (1.6.13) lib/rack/runtime.rb:18:in `call'
  activesupport (4.2.11) lib/active_support/cache/strategy/local_cache_middleware.rb:28:in `call'
  rack (1.6.13) lib/rack/lock.rb:17:in `call'
  actionpack (4.2.11) lib/action_dispatch/middleware/static.rb:120:in `call'
  rack (1.6.13) lib/rack/sendfile.rb:113:in `call'
  railties (4.2.11) lib/rails/engine.rb:518:in `call'
  railties (4.2.11) lib/rails/application.rb:165:in `call'
  rack (1.6.13) lib/rack/lock.rb:17:in `call'
  rack (1.6.13) lib/rack/content_length.rb:15:in `call'
  rack (1.6.13) lib/rack/handler/webrick.rb:88:in `service'
  /home/jaime/.rbenv/versions/2.6.6/lib/ruby/2.6.0/webrick/httpserver.rb:140:in `service'
  /home/jaime/.rbenv/versions/2.6.6/lib/ruby/2.6.0/webrick/httpserver.rb:96:in `run'
  /home/jaime/.rbenv/versions/2.6.6/lib/ruby/2.6.0/webrick/server.rb:307:in `block in start_thread'


  Rendered /home/jaime/.rbenv/versions/2.6.6/lib/ruby/gems/2.6.0/gems/actionpack-4.2.11/lib/action_dispatch/middleware/templates/rescues/_trace.html.erb (2.7ms)
  Rendered /home/jaime/.rbenv/versions/2.6.6/lib/ruby/gems/2.6.0/gems/actionpack-4.2.11/lib/action_dispatch/middleware/templates/routes/_route.html.erb (1.1ms)
  Rendered /home/jaime/.rbenv/versions/2.6.6/lib/ruby/gems/2.6.0/gems/actionpack-4.2.11/lib/action_dispatch/middleware/templates/routes/_table.html.erb (1.5ms)
  Rendered /home/jaime/.rbenv/versions/2.6.6/lib/ruby/gems/2.6.0/gems/actionpack-4.2.11/lib/action_dispatch/middleware/templates/rescues/_request_and_response.html.erb (5.4ms)
  Rendered /home/jaime/.rbenv/versions/2.6.6/lib/ruby/gems/2.6.0/gems/actionpack-4.2.11/lib/action_dispatch/middleware/templates/rescues/routing_error.html.erb within rescues/layout (28.5ms)


Started GET "/search_tmdb" for 127.0.0.1 at 2023-12-13 08:17:45 -0500

ActionController::RoutingError (No route matches [GET] "/search_tmdb"):
  actionpack (4.2.11) lib/action_dispatch/middleware/debug_exceptions.rb:21:in `call'
  web-console (3.3.0) lib/web_console/middleware.rb:131:in `call_app'
  web-console (3.3.0) lib/web_console/middleware.rb:28:in `block in call'
  web-console (3.3.0) lib/web_console/middleware.rb:18:in `catch'
  web-console (3.3.0) lib/web_console/middleware.rb:18:in `call'
  actionpack (4.2.11) lib/action_dispatch/middleware/show_exceptions.rb:30:in `call'
  railties (4.2.11) lib/rails/rack/logger.rb:38:in `call_app'
  railties (4.2.11) lib/rails/rack/logger.rb:20:in `block in call'
  activesupport (4.2.11) lib/active_support/tagged_logging.rb:68:in `block in tagged'
  activesupport (4.2.11) lib/active_support/tagged_logging.rb:26:in `tagged'
  activesupport (4.2.11) lib/active_support/tagged_logging.rb:68:in `tagged'
  railties (4.2.11) lib/rails/rack/logger.rb:20:in `call'
  actionpack (4.2.11) lib/action_dispatch/middleware/request_id.rb:21:in `call'
  rack (1.6.13) lib/rack/methodoverride.rb:22:in `call'
  rack (1.6.13) lib/rack/runtime.rb:18:in `call'
  activesupport (4.2.11) lib/active_support/cache/strategy/local_cache_middleware.rb:28:in `call'
  rack (1.6.13) lib/rack/lock.rb:17:in `call'
  actionpack (4.2.11) lib/action_dispatch/middleware/static.rb:120:in `call'
  rack (1.6.13) lib/rack/sendfile.rb:113:in `call'
  railties (4.2.11) lib/rails/engine.rb:518:in `call'
  railties (4.2.11) lib/rails/application.rb:165:in `call'
  rack (1.6.13) lib/rack/lock.rb:17:in `call'
  rack (1.6.13) lib/rack/content_length.rb:15:in `call'
  rack (1.6.13) lib/rack/handler/webrick.rb:88:in `service'
  /home/jaime/.rbenv/versions/2.6.6/lib/ruby/2.6.0/webrick/httpserver.rb:140:in `service'
  /home/jaime/.rbenv/versions/2.6.6/lib/ruby/2.6.0/webrick/httpserver.rb:96:in `run'
  /home/jaime/.rbenv/versions/2.6.6/lib/ruby/2.6.0/webrick/server.rb:307:in `block in start_thread'


  Rendered /home/jaime/.rbenv/versions/2.6.6/lib/ruby/gems/2.6.0/gems/actionpack-4.2.11/lib/action_dispatch/middleware/templates/rescues/_trace.html.erb (1.2ms)
  Rendered /home/jaime/.rbenv/versions/2.6.6/lib/ruby/gems/2.6.0/gems/actionpack-4.2.11/lib/action_dispatch/middleware/templates/routes/_route.html.erb (1.3ms)
  Rendered /home/jaime/.rbenv/versions/2.6.6/lib/ruby/gems/2.6.0/gems/actionpack-4.2.11/lib/action_dispatch/middleware/templates/routes/_table.html.erb (2.0ms)
  Rendered /home/jaime/.rbenv/versions/2.6.6/lib/ruby/gems/2.6.0/gems/actionpack-4.2.11/lib/action_dispatch/middleware/templates/rescues/_request_and_response.html.erb (4.6ms)
  Rendered /home/jaime/.rbenv/versions/2.6.6/lib/ruby/gems/2.6.0/gems/actionpack-4.2.11/lib/action_dispatch/middleware/templates/rescues/routing_error.html.erb within rescues/layout (27.0ms)


Started GET "/search_tmdb" for 127.0.0.1 at 2023-12-13 08:24:30 -0500

ActionController::RoutingError (No route matches [GET] "/search_tmdb"):
  actionpack (4.2.11) lib/action_dispatch/middleware/debug_exceptions.rb:21:in `call'
  web-console (3.3.0) lib/web_console/middleware.rb:131:in `call_app'
  web-console (3.3.0) lib/web_console/middleware.rb:28:in `block in call'
  web-console (3.3.0) lib/web_console/middleware.rb:18:in `catch'
  web-console (3.3.0) lib/web_console/middleware.rb:18:in `call'
  actionpack (4.2.11) lib/action_dispatch/middleware/show_exceptions.rb:30:in `call'
  railties (4.2.11) lib/rails/rack/logger.rb:38:in `call_app'
  railties (4.2.11) lib/rails/rack/logger.rb:20:in `block in call'
  activesupport (4.2.11) lib/active_support/tagged_logging.rb:68:in `block in tagged'
  activesupport (4.2.11) lib/active_support/tagged_logging.rb:26:in `tagged'
  activesupport (4.2.11) lib/active_support/tagged_logging.rb:68:in `tagged'
  railties (4.2.11) lib/rails/rack/logger.rb:20:in `call'
  actionpack (4.2.11) lib/action_dispatch/middleware/request_id.rb:21:in `call'
  rack (1.6.13) lib/rack/methodoverride.rb:22:in `call'
  rack (1.6.13) lib/rack/runtime.rb:18:in `call'
  activesupport (4.2.11) lib/active_support/cache/strategy/local_cache_middleware.rb:28:in `call'
  rack (1.6.13) lib/rack/lock.rb:17:in `call'
  actionpack (4.2.11) lib/action_dispatch/middleware/static.rb:120:in `call'
  rack (1.6.13) lib/rack/sendfile.rb:113:in `call'
  railties (4.2.11) lib/rails/engine.rb:518:in `call'
  railties (4.2.11) lib/rails/application.rb:165:in `call'
  rack (1.6.13) lib/rack/lock.rb:17:in `call'
  rack (1.6.13) lib/rack/content_length.rb:15:in `call'
  rack (1.6.13) lib/rack/handler/webrick.rb:88:in `service'
  /home/jaime/.rbenv/versions/2.6.6/lib/ruby/2.6.0/webrick/httpserver.rb:140:in `service'
  /home/jaime/.rbenv/versions/2.6.6/lib/ruby/2.6.0/webrick/httpserver.rb:96:in `run'
  /home/jaime/.rbenv/versions/2.6.6/lib/ruby/2.6.0/webrick/server.rb:307:in `block in start_thread'


  Rendered /home/jaime/.rbenv/versions/2.6.6/lib/ruby/gems/2.6.0/gems/actionpack-4.2.11/lib/action_dispatch/middleware/templates/rescues/_trace.html.erb (4.3ms)
  Rendered /home/jaime/.rbenv/versions/2.6.6/lib/ruby/gems/2.6.0/gems/actionpack-4.2.11/lib/action_dispatch/middleware/templates/routes/_route.html.erb (5.9ms)
  Rendered /home/jaime/.rbenv/versions/2.6.6/lib/ruby/gems/2.6.0/gems/actionpack-4.2.11/lib/action_dispatch/middleware/templates/routes/_table.html.erb (3.1ms)
  Rendered /home/jaime/.rbenv/versions/2.6.6/lib/ruby/gems/2.6.0/gems/actionpack-4.2.11/lib/action_dispatch/middleware/templates/rescues/_request_and_response.html.erb (4.0ms)
  Rendered /home/jaime/.rbenv/versions/2.6.6/lib/ruby/gems/2.6.0/gems/actionpack-4.2.11/lib/action_dispatch/middleware/templates/rescues/routing_error.html.erb within rescues/layout (35.8ms)


Started GET "/search_tmdb" for 127.0.0.1 at 2023-12-13 08:28:15 -0500

ActionController::RoutingError (No route matches [GET] "/search_tmdb"):
  actionpack (4.2.11) lib/action_dispatch/middleware/debug_exceptions.rb:21:in `call'
  web-console (3.3.0) lib/web_console/middleware.rb:131:in `call_app'
  web-console (3.3.0) lib/web_console/middleware.rb:28:in `block in call'
  web-console (3.3.0) lib/web_console/middleware.rb:18:in `catch'
  web-console (3.3.0) lib/web_console/middleware.rb:18:in `call'
  actionpack (4.2.11) lib/action_dispatch/middleware/show_exceptions.rb:30:in `call'
  railties (4.2.11) lib/rails/rack/logger.rb:38:in `call_app'
  railties (4.2.11) lib/rails/rack/logger.rb:20:in `block in call'
  activesupport (4.2.11) lib/active_support/tagged_logging.rb:68:in `block in tagged'
  activesupport (4.2.11) lib/active_support/tagged_logging.rb:26:in `tagged'
  activesupport (4.2.11) lib/active_support/tagged_logging.rb:68:in `tagged'
  railties (4.2.11) lib/rails/rack/logger.rb:20:in `call'
  actionpack (4.2.11) lib/action_dispatch/middleware/request_id.rb:21:in `call'
  rack (1.6.13) lib/rack/methodoverride.rb:22:in `call'
  rack (1.6.13) lib/rack/runtime.rb:18:in `call'
  activesupport (4.2.11) lib/active_support/cache/strategy/local_cache_middleware.rb:28:in `call'
  rack (1.6.13) lib/rack/lock.rb:17:in `call'
  actionpack (4.2.11) lib/action_dispatch/middleware/static.rb:120:in `call'
  rack (1.6.13) lib/rack/sendfile.rb:113:in `call'
  railties (4.2.11) lib/rails/engine.rb:518:in `call'
  railties (4.2.11) lib/rails/application.rb:165:in `call'
  rack (1.6.13) lib/rack/lock.rb:17:in `call'
  rack (1.6.13) lib/rack/content_length.rb:15:in `call'
  rack (1.6.13) lib/rack/handler/webrick.rb:88:in `service'
  /home/jaime/.rbenv/versions/2.6.6/lib/ruby/2.6.0/webrick/httpserver.rb:140:in `service'
  /home/jaime/.rbenv/versions/2.6.6/lib/ruby/2.6.0/webrick/httpserver.rb:96:in `run'
  /home/jaime/.rbenv/versions/2.6.6/lib/ruby/2.6.0/webrick/server.rb:307:in `block in start_thread'


  Rendered /home/jaime/.rbenv/versions/2.6.6/lib/ruby/gems/2.6.0/gems/actionpack-4.2.11/lib/action_dispatch/middleware/templates/rescues/_trace.html.erb (2.8ms)
  Rendered /home/jaime/.rbenv/versions/2.6.6/lib/ruby/gems/2.6.0/gems/actionpack-4.2.11/lib/action_dispatch/middleware/templates/routes/_route.html.erb (0.7ms)
  Rendered /home/jaime/.rbenv/versions/2.6.6/lib/ruby/gems/2.6.0/gems/actionpack-4.2.11/lib/action_dispatch/middleware/templates/routes/_table.html.erb (0.9ms)
  Rendered /home/jaime/.rbenv/versions/2.6.6/lib/ruby/gems/2.6.0/gems/actionpack-4.2.11/lib/action_dispatch/middleware/templates/rescues/_request_and_response.html.erb (1.5ms)
  Rendered /home/jaime/.rbenv/versions/2.6.6/lib/ruby/gems/2.6.0/gems/actionpack-4.2.11/lib/action_dispatch/middleware/templates/rescues/routing_error.html.erb within rescues/layout (25.8ms)


Started GET "/search_tmdb" for 127.0.0.1 at 2023-12-13 08:29:22 -0500

ActionController::RoutingError (No route matches [GET] "/search_tmdb"):
  actionpack (4.2.11) lib/action_dispatch/middleware/debug_exceptions.rb:21:in `call'
  web-console (3.3.0) lib/web_console/middleware.rb:131:in `call_app'
  web-console (3.3.0) lib/web_console/middleware.rb:28:in `block in call'
  web-console (3.3.0) lib/web_console/middleware.rb:18:in `catch'
  web-console (3.3.0) lib/web_console/middleware.rb:18:in `call'
  actionpack (4.2.11) lib/action_dispatch/middleware/show_exceptions.rb:30:in `call'
  railties (4.2.11) lib/rails/rack/logger.rb:38:in `call_app'
  railties (4.2.11) lib/rails/rack/logger.rb:20:in `block in call'
  activesupport (4.2.11) lib/active_support/tagged_logging.rb:68:in `block in tagged'
  activesupport (4.2.11) lib/active_support/tagged_logging.rb:26:in `tagged'
  activesupport (4.2.11) lib/active_support/tagged_logging.rb:68:in `tagged'
  railties (4.2.11) lib/rails/rack/logger.rb:20:in `call'
  actionpack (4.2.11) lib/action_dispatch/middleware/request_id.rb:21:in `call'
  rack (1.6.13) lib/rack/methodoverride.rb:22:in `call'
  rack (1.6.13) lib/rack/runtime.rb:18:in `call'
  activesupport (4.2.11) lib/active_support/cache/strategy/local_cache_middleware.rb:28:in `call'
  rack (1.6.13) lib/rack/lock.rb:17:in `call'
  actionpack (4.2.11) lib/action_dispatch/middleware/static.rb:120:in `call'
  rack (1.6.13) lib/rack/sendfile.rb:113:in `call'
  railties (4.2.11) lib/rails/engine.rb:518:in `call'
  railties (4.2.11) lib/rails/application.rb:165:in `call'
  rack (1.6.13) lib/rack/lock.rb:17:in `call'
  rack (1.6.13) lib/rack/content_length.rb:15:in `call'
  rack (1.6.13) lib/rack/handler/webrick.rb:88:in `service'
  /home/jaime/.rbenv/versions/2.6.6/lib/ruby/2.6.0/webrick/httpserver.rb:140:in `service'
  /home/jaime/.rbenv/versions/2.6.6/lib/ruby/2.6.0/webrick/httpserver.rb:96:in `run'
  /home/jaime/.rbenv/versions/2.6.6/lib/ruby/2.6.0/webrick/server.rb:307:in `block in start_thread'


  Rendered /home/jaime/.rbenv/versions/2.6.6/lib/ruby/gems/2.6.0/gems/actionpack-4.2.11/lib/action_dispatch/middleware/templates/rescues/_trace.html.erb (1.8ms)
  Rendered /home/jaime/.rbenv/versions/2.6.6/lib/ruby/gems/2.6.0/gems/actionpack-4.2.11/lib/action_dispatch/middleware/templates/routes/_route.html.erb (3.2ms)
  Rendered /home/jaime/.rbenv/versions/2.6.6/lib/ruby/gems/2.6.0/gems/actionpack-4.2.11/lib/action_dispatch/middleware/templates/routes/_table.html.erb (1.0ms)
  Rendered /home/jaime/.rbenv/versions/2.6.6/lib/ruby/gems/2.6.0/gems/actionpack-4.2.11/lib/action_dispatch/middleware/templates/rescues/_request_and_response.html.erb (2.0ms)
  Rendered /home/jaime/.rbenv/versions/2.6.6/lib/ruby/gems/2.6.0/gems/actionpack-4.2.11/lib/action_dispatch/middleware/templates/rescues/routing_error.html.erb within rescues/layout (18.3ms)


Started GET "/search_tmdb" for 127.0.0.1 at 2023-12-13 08:31:21 -0500
Processing by MoviesController#search_tmdb as HTML
  Rendered movies/search_tmdb.html.erb within layouts/application (59.4ms)
Completed 500 Internal Server Error in 79ms (ActiveRecord: 0.0ms)

ActionView::Template::Error (No route matches {:action=>"show", :controller=>"movies"} missing required keys: [:id]):
     7: 
     8: <div class="search-container">
     9: <%# Part 1 here %>
    10: <%= form_tag movie_path,method: :get , id:'tmdb_form' do %>
    11: 
    12:     <label for="searchMovieName">Movie Name</label>
    13:     <%= text_field_tag 'title', nil, class: "form-control", id: "movie_title_field", placeholder: "Manhunter", id: "movie_title_field"%> 
  app/views/movies/search_tmdb.html.erb:10:in `_app_views_movies_search_tmdb_html_erb___2470155692054770560_70210723192940'


  Rendered /home/jaime/.rbenv/versions/2.6.6/lib/ruby/gems/2.6.0/gems/actionpack-4.2.11/lib/action_dispatch/middleware/templates/rescues/_source.erb (4.6ms)
  Rendered /home/jaime/.rbenv/versions/2.6.6/lib/ruby/gems/2.6.0/gems/actionpack-4.2.11/lib/action_dispatch/middleware/templates/rescues/_trace.html.erb (1.7ms)
  Rendered /home/jaime/.rbenv/versions/2.6.6/lib/ruby/gems/2.6.0/gems/actionpack-4.2.11/lib/action_dispatch/middleware/templates/rescues/_request_and_response.html.erb (2.0ms)
  Rendered /home/jaime/.rbenv/versions/2.6.6/lib/ruby/gems/2.6.0/gems/actionpack-4.2.11/lib/action_dispatch/middleware/templates/rescues/template_error.html.erb within rescues/layout (22.1ms)


Started GET "/movies/search_tmdb" for 127.0.0.1 at 2023-12-13 08:36:39 -0500
Processing by MoviesController#show as HTML
  Parameters: {"id"=>"search_tmdb"}
  [1m[36mMovie Load (0.4ms)[0m  [1mSELECT  "movies".* FROM "movies" WHERE "movies"."id" = ? LIMIT 1[0m  [["id", 0]]
Completed 404 Not Found in 177ms (ActiveRecord: 6.4ms)

ActiveRecord::RecordNotFound (Couldn't find Movie with 'id'=search_tmdb):
  app/controllers/movies_controller.rb:6:in `show'


  Rendered /home/jaime/.rbenv/versions/2.6.6/lib/ruby/gems/2.6.0/gems/actionpack-4.2.11/lib/action_dispatch/middleware/templates/rescues/_source.erb (2.1ms)
  Rendered /home/jaime/.rbenv/versions/2.6.6/lib/ruby/gems/2.6.0/gems/actionpack-4.2.11/lib/action_dispatch/middleware/templates/rescues/_trace.html.erb (1.7ms)
  Rendered /home/jaime/.rbenv/versions/2.6.6/lib/ruby/gems/2.6.0/gems/actionpack-4.2.11/lib/action_dispatch/middleware/templates/rescues/_request_and_response.html.erb (1.3ms)
  Rendered /home/jaime/.rbenv/versions/2.6.6/lib/ruby/gems/2.6.0/gems/actionpack-4.2.11/lib/action_dispatch/middleware/templates/rescues/diagnostics.html.erb within rescues/layout (15.5ms)


Started GET "/movies/21" for 127.0.0.1 at 2023-12-13 08:37:19 -0500
Processing by MoviesController#show as HTML
  Parameters: {"id"=>"21"}
  [1m[35mMovie Load (0.1ms)[0m  SELECT  "movies".* FROM "movies" WHERE "movies"."id" = ? LIMIT 1  [["id", 21]]
  Rendered movies/show.html.erb within layouts/application (13.2ms)
  Rendered layouts/_flash.erb (0.2ms)
Completed 200 OK in 71ms (Views: 63.9ms | ActiveRecord: 0.1ms)


Started GET "/movies/21/edit" for 127.0.0.1 at 2023-12-13 08:37:22 -0500
Processing by MoviesController#edit as HTML
  Parameters: {"id"=>"21"}
  [1m[36mMovie Load (0.1ms)[0m  [1mSELECT  "movies".* FROM "movies" WHERE "movies"."id" = ? LIMIT 1[0m  [["id", 21]]
  Rendered movies/edit.html.erb within layouts/application (73.7ms)
  Rendered layouts/_flash.erb (0.1ms)
Completed 200 OK in 79ms (Views: 78.8ms | ActiveRecord: 0.1ms)


Started GET "/movies" for 127.0.0.1 at 2023-12-13 08:37:29 -0500
Processing by MoviesController#index as HTML
Redirected to http://localhost:3000/movies?ratings%5BG%5D=1&ratings%5BPG%5D=1&ratings%5BPG-13%5D=1&ratings%5BR%5D=1&sort_by=id
Filter chain halted as :force_index_redirect rendered or redirected
Completed 302 Found in 2ms (ActiveRecord: 0.0ms)


Started GET "/movies?ratings%5BG%5D=1&ratings%5BPG%5D=1&ratings%5BPG-13%5D=1&ratings%5BR%5D=1&sort_by=id" for 127.0.0.1 at 2023-12-13 08:37:29 -0500
Processing by MoviesController#index as HTML
  Parameters: {"ratings"=>{"G"=>"1", "PG"=>"1", "PG-13"=>"1", "R"=>"1"}, "sort_by"=>"id"}
  [1m[35mMovie Load (0.3ms)[0m  SELECT "movies".* FROM "movies" WHERE "movies"."rating" IN ('G', 'PG', 'PG-13', 'R')  ORDER BY id
  Rendered movies/index.html.erb within layouts/application (2.5ms)
  Rendered layouts/_flash.erb (0.1ms)
Completed 200 OK in 13ms (Views: 12.4ms | ActiveRecord: 0.3ms)


Started GET "/movies?ratings%5BG%5D=1&ratings%5BPG%5D=1&ratings%5BPG-13%5D=1&ratings%5BR%5D=1&sort_by=id" for 127.0.0.1 at 2023-12-13 08:46:37 -0500
Processing by MoviesController#index as HTML
  Parameters: {"ratings"=>{"G"=>"1", "PG"=>"1", "PG-13"=>"1", "R"=>"1"}, "sort_by"=>"id"}
  [1m[36mMovie Load (0.6ms)[0m  [1mSELECT "movies".* FROM "movies" WHERE "movies"."rating" IN ('G', 'PG', 'PG-13', 'R')  ORDER BY id[0m
  Rendered movies/index.html.erb within layouts/application (10.9ms)
  Rendered layouts/_flash.erb (0.1ms)
Completed 200 OK in 23ms (Views: 20.7ms | ActiveRecord: 0.6ms)


Started GET "/movies?ratings%5BG%5D=1&ratings%5BPG%5D=1&ratings%5BPG-13%5D=1&ratings%5BR%5D=1&sort_by=id" for 127.0.0.1 at 2023-12-13 08:46:42 -0500
Processing by MoviesController#index as HTML
  Parameters: {"ratings"=>{"G"=>"1", "PG"=>"1", "PG-13"=>"1", "R"=>"1"}, "sort_by"=>"id"}
  [1m[35mMovie Load (0.3ms)[0m  SELECT "movies".* FROM "movies" WHERE "movies"."rating" IN ('G', 'PG', 'PG-13', 'R')  ORDER BY id
  Rendered movies/index.html.erb within layouts/application (2.5ms)
  Rendered layouts/_flash.erb (0.2ms)
Completed 200 OK in 17ms (Views: 16.3ms | ActiveRecord: 0.3ms)


Started GET "/movies?ratings%5BG%5D=1&ratings%5BPG%5D=1&ratings%5BPG-13%5D=1&ratings%5BR%5D=1&sort_by=id" for 127.0.0.1 at 2023-12-13 08:47:40 -0500
Processing by MoviesController#index as HTML
  Parameters: {"ratings"=>{"G"=>"1", "PG"=>"1", "PG-13"=>"1", "R"=>"1"}, "sort_by"=>"id"}
  [1m[36mMovie Load (0.3ms)[0m  [1mSELECT "movies".* FROM "movies" WHERE "movies"."rating" IN ('G', 'PG', 'PG-13', 'R')  ORDER BY id[0m
  Rendered movies/index.html.erb within layouts/application (87.8ms)
  Rendered layouts/_flash.erb (0.1ms)
Completed 200 OK in 100ms (Views: 99.1ms | ActiveRecord: 0.3ms)


Started GET "/movies/new" for 127.0.0.1 at 2023-12-13 08:47:43 -0500
Processing by MoviesController#new as HTML
  Rendered movies/new.html.erb within layouts/application (7.9ms)
  Rendered layouts/_flash.erb (0.1ms)
Completed 200 OK in 14ms (Views: 14.0ms | ActiveRecord: 0.0ms)


Started GET "/movies?ratings%5BG%5D=1&ratings%5BPG%5D=1&ratings%5BPG-13%5D=1&ratings%5BR%5D=1&sort_by=id" for 127.0.0.1 at 2023-12-13 08:48:39 -0500
Processing by MoviesController#index as HTML
  Parameters: {"ratings"=>{"G"=>"1", "PG"=>"1", "PG-13"=>"1", "R"=>"1"}, "sort_by"=>"id"}
  [1m[35mMovie Load (0.3ms)[0m  SELECT "movies".* FROM "movies" WHERE "movies"."rating" IN ('G', 'PG', 'PG-13', 'R')  ORDER BY id
  Rendered movies/index.html.erb within layouts/application (4.7ms)
  Rendered layouts/_flash.erb (0.1ms)
Completed 200 OK in 18ms (Views: 16.3ms | ActiveRecord: 0.3ms)


Started GET "/movies?ratings%5BG%5D=1&ratings%5BPG%5D=1&ratings%5BPG-13%5D=1&ratings%5BR%5D=1&sort_by=id" for 127.0.0.1 at 2023-12-13 08:48:55 -0500
Processing by MoviesController#index as HTML
  Parameters: {"ratings"=>{"G"=>"1", "PG"=>"1", "PG-13"=>"1", "R"=>"1"}, "sort_by"=>"id"}
  [1m[36mMovie Load (0.3ms)[0m  [1mSELECT "movies".* FROM "movies" WHERE "movies"."rating" IN ('G', 'PG', 'PG-13', 'R')  ORDER BY id[0m
  Rendered movies/index.html.erb within layouts/application (5.5ms)
  Rendered layouts/_flash.erb (0.1ms)
Completed 200 OK in 23ms (Views: 22.4ms | ActiveRecord: 0.3ms)


Started GET "/movies?ratings%5BG%5D=1&ratings%5BPG%5D=1&ratings%5BPG-13%5D=1&ratings%5BR%5D=1&sort_by=id" for 127.0.0.1 at 2023-12-13 08:49:19 -0500
Processing by MoviesController#index as HTML
  Parameters: {"ratings"=>{"G"=>"1", "PG"=>"1", "PG-13"=>"1", "R"=>"1"}, "sort_by"=>"id"}
  [1m[36mMovie Load (1.3ms)[0m  [1mSELECT "movies".* FROM "movies" WHERE "movies"."rating" IN ('G', 'PG', 'PG-13', 'R')  ORDER BY id[0m
  Rendered movies/index.html.erb within layouts/application (46.3ms)
  Rendered layouts/_flash.erb (0.8ms)
Completed 200 OK in 344ms (Views: 267.1ms | ActiveRecord: 4.4ms)


Started GET "/movies/new" for 127.0.0.1 at 2023-12-13 08:49:23 -0500
Processing by MoviesController#new as HTML
  Rendered movies/new.html.erb within layouts/application (30.7ms)
  Rendered layouts/_flash.erb (0.1ms)
Completed 200 OK in 37ms (Views: 36.6ms | ActiveRecord: 0.0ms)


Started GET "/movies?ratings%5BG%5D=1&ratings%5BPG%5D=1&ratings%5BPG-13%5D=1&ratings%5BR%5D=1&sort_by=id" for 127.0.0.1 at 2023-12-13 08:49:38 -0500
Processing by MoviesController#index as HTML
  Parameters: {"ratings"=>{"G"=>"1", "PG"=>"1", "PG-13"=>"1", "R"=>"1"}, "sort_by"=>"id"}
  [1m[35mMovie Load (0.3ms)[0m  SELECT "movies".* FROM "movies" WHERE "movies"."rating" IN ('G', 'PG', 'PG-13', 'R')  ORDER BY id
  Rendered movies/index.html.erb within layouts/application (67.0ms)
Completed 500 Internal Server Error in 70ms (ActiveRecord: 0.3ms)

ActionView::Template::Error (undefined local variable or method `search_tmdb_path' for #<#<Class:0x000055c9b6ae6a70>:0x00007f96c94789e0>
Did you mean?  search_tmdb):
    59: </table>
    60: <div class="row">
    61:   <%= link_to 'Add new movie', new_movie_path, class: 'btn btn-primary' %>
    62:   <%= link_to 'Search in TMDb', search_tmdb_path, class: 'btn btn-primary' %>
    63: </div>
  app/views/movies/index.html.erb:62:in `_app_views_movies_index_html_erb___1426165241400481268_70142799385540'


  Rendered /home/jaime/.rbenv/versions/2.6.6/lib/ruby/gems/2.6.0/gems/actionpack-4.2.11/lib/action_dispatch/middleware/templates/rescues/_source.erb (3.1ms)
  Rendered /home/jaime/.rbenv/versions/2.6.6/lib/ruby/gems/2.6.0/gems/actionpack-4.2.11/lib/action_dispatch/middleware/templates/rescues/_trace.html.erb (1.6ms)
  Rendered /home/jaime/.rbenv/versions/2.6.6/lib/ruby/gems/2.6.0/gems/actionpack-4.2.11/lib/action_dispatch/middleware/templates/rescues/_request_and_response.html.erb (0.7ms)
  Rendered /home/jaime/.rbenv/versions/2.6.6/lib/ruby/gems/2.6.0/gems/actionpack-4.2.11/lib/action_dispatch/middleware/templates/rescues/template_error.html.erb within rescues/layout (16.3ms)


Started GET "/movies?ratings%5BG%5D=1&ratings%5BPG%5D=1&ratings%5BPG-13%5D=1&ratings%5BR%5D=1&sort_by=id" for 127.0.0.1 at 2023-12-13 08:50:16 -0500
Processing by MoviesController#index as HTML
  Parameters: {"ratings"=>{"G"=>"1", "PG"=>"1", "PG-13"=>"1", "R"=>"1"}, "sort_by"=>"id"}
  [1m[36mMovie Load (0.2ms)[0m  [1mSELECT "movies".* FROM "movies" WHERE "movies"."rating" IN ('G', 'PG', 'PG-13', 'R')  ORDER BY id[0m
  Rendered movies/index.html.erb within layouts/application (3.9ms)
  Rendered layouts/_flash.erb (0.1ms)
Completed 200 OK in 16ms (Views: 15.1ms | ActiveRecord: 0.2ms)


Started GET "/movies/search_tmdb" for 127.0.0.1 at 2023-12-13 09:28:49 -0500
Processing by MoviesController#show as HTML
  Parameters: {"id"=>"search_tmdb"}
  [1m[35mMovie Load (1.1ms)[0m  SELECT  "movies".* FROM "movies" WHERE "movies"."id" = ? LIMIT 1  [["id", 0]]
Completed 404 Not Found in 87ms (ActiveRecord: 7.1ms)

ActiveRecord::RecordNotFound (Couldn't find Movie with 'id'=search_tmdb):
  app/controllers/movies_controller.rb:6:in `show'


  Rendered /home/jaime/.rbenv/versions/2.6.6/lib/ruby/gems/2.6.0/gems/actionpack-4.2.11/lib/action_dispatch/middleware/templates/rescues/_source.erb (16.1ms)
  Rendered /home/jaime/.rbenv/versions/2.6.6/lib/ruby/gems/2.6.0/gems/actionpack-4.2.11/lib/action_dispatch/middleware/templates/rescues/_trace.html.erb (9.4ms)
  Rendered /home/jaime/.rbenv/versions/2.6.6/lib/ruby/gems/2.6.0/gems/actionpack-4.2.11/lib/action_dispatch/middleware/templates/rescues/_request_and_response.html.erb (6.5ms)
  Rendered /home/jaime/.rbenv/versions/2.6.6/lib/ruby/gems/2.6.0/gems/actionpack-4.2.11/lib/action_dispatch/middleware/templates/rescues/diagnostics.html.erb within rescues/layout (58.0ms)


Started GET "/search_tmdb" for 127.0.0.1 at 2023-12-13 09:29:20 -0500

ActionController::RoutingError (No route matches [GET] "/search_tmdb"):
  actionpack (4.2.11) lib/action_dispatch/middleware/debug_exceptions.rb:21:in `call'
  web-console (3.3.0) lib/web_console/middleware.rb:131:in `call_app'
  web-console (3.3.0) lib/web_console/middleware.rb:28:in `block in call'
  web-console (3.3.0) lib/web_console/middleware.rb:18:in `catch'
  web-console (3.3.0) lib/web_console/middleware.rb:18:in `call'
  actionpack (4.2.11) lib/action_dispatch/middleware/show_exceptions.rb:30:in `call'
  railties (4.2.11) lib/rails/rack/logger.rb:38:in `call_app'
  railties (4.2.11) lib/rails/rack/logger.rb:20:in `block in call'
  activesupport (4.2.11) lib/active_support/tagged_logging.rb:68:in `block in tagged'
  activesupport (4.2.11) lib/active_support/tagged_logging.rb:26:in `tagged'
  activesupport (4.2.11) lib/active_support/tagged_logging.rb:68:in `tagged'
  railties (4.2.11) lib/rails/rack/logger.rb:20:in `call'
  actionpack (4.2.11) lib/action_dispatch/middleware/request_id.rb:21:in `call'
  rack (1.6.13) lib/rack/methodoverride.rb:22:in `call'
  rack (1.6.13) lib/rack/runtime.rb:18:in `call'
  activesupport (4.2.11) lib/active_support/cache/strategy/local_cache_middleware.rb:28:in `call'
  rack (1.6.13) lib/rack/lock.rb:17:in `call'
  actionpack (4.2.11) lib/action_dispatch/middleware/static.rb:120:in `call'
  rack (1.6.13) lib/rack/sendfile.rb:113:in `call'
  railties (4.2.11) lib/rails/engine.rb:518:in `call'
  railties (4.2.11) lib/rails/application.rb:165:in `call'
  rack (1.6.13) lib/rack/lock.rb:17:in `call'
  rack (1.6.13) lib/rack/content_length.rb:15:in `call'
  rack (1.6.13) lib/rack/handler/webrick.rb:88:in `service'
  /home/jaime/.rbenv/versions/2.6.6/lib/ruby/2.6.0/webrick/httpserver.rb:140:in `service'
  /home/jaime/.rbenv/versions/2.6.6/lib/ruby/2.6.0/webrick/httpserver.rb:96:in `run'
  /home/jaime/.rbenv/versions/2.6.6/lib/ruby/2.6.0/webrick/server.rb:307:in `block in start_thread'


  Rendered /home/jaime/.rbenv/versions/2.6.6/lib/ruby/gems/2.6.0/gems/actionpack-4.2.11/lib/action_dispatch/middleware/templates/rescues/_trace.html.erb (1.2ms)
  Rendered /home/jaime/.rbenv/versions/2.6.6/lib/ruby/gems/2.6.0/gems/actionpack-4.2.11/lib/action_dispatch/middleware/templates/routes/_route.html.erb (1.5ms)
  Rendered /home/jaime/.rbenv/versions/2.6.6/lib/ruby/gems/2.6.0/gems/actionpack-4.2.11/lib/action_dispatch/middleware/templates/routes/_table.html.erb (9.5ms)
  Rendered /home/jaime/.rbenv/versions/2.6.6/lib/ruby/gems/2.6.0/gems/actionpack-4.2.11/lib/action_dispatch/middleware/templates/rescues/_request_and_response.html.erb (1.4ms)
  Rendered /home/jaime/.rbenv/versions/2.6.6/lib/ruby/gems/2.6.0/gems/actionpack-4.2.11/lib/action_dispatch/middleware/templates/rescues/routing_error.html.erb within rescues/layout (35.6ms)


Started GET "/movies/search_tmdb" for 127.0.0.1 at 2023-12-13 09:29:47 -0500
Processing by MoviesController#show as HTML
  Parameters: {"id"=>"search_tmdb"}
  [1m[36mMovie Load (0.1ms)[0m  [1mSELECT  "movies".* FROM "movies" WHERE "movies"."id" = ? LIMIT 1[0m  [["id", 0]]
Completed 404 Not Found in 3ms (ActiveRecord: 0.1ms)

ActiveRecord::RecordNotFound (Couldn't find Movie with 'id'=search_tmdb):
  app/controllers/movies_controller.rb:6:in `show'


  Rendered /home/jaime/.rbenv/versions/2.6.6/lib/ruby/gems/2.6.0/gems/actionpack-4.2.11/lib/action_dispatch/middleware/templates/rescues/_source.erb (2.9ms)
  Rendered /home/jaime/.rbenv/versions/2.6.6/lib/ruby/gems/2.6.0/gems/actionpack-4.2.11/lib/action_dispatch/middleware/templates/rescues/_trace.html.erb (1.4ms)
  Rendered /home/jaime/.rbenv/versions/2.6.6/lib/ruby/gems/2.6.0/gems/actionpack-4.2.11/lib/action_dispatch/middleware/templates/rescues/_request_and_response.html.erb (0.7ms)
  Rendered /home/jaime/.rbenv/versions/2.6.6/lib/ruby/gems/2.6.0/gems/actionpack-4.2.11/lib/action_dispatch/middleware/templates/rescues/diagnostics.html.erb within rescues/layout (13.4ms)


Started GET "/movies/search_tmdb" for 127.0.0.1 at 2023-12-13 09:30:22 -0500
Processing by MoviesController#show as HTML
  Parameters: {"id"=>"search_tmdb"}
  [1m[35mMovie Load (0.1ms)[0m  SELECT  "movies".* FROM "movies" WHERE "movies"."id" = ? LIMIT 1  [["id", 0]]
Completed 404 Not Found in 5ms (ActiveRecord: 0.1ms)

ActiveRecord::RecordNotFound (Couldn't find Movie with 'id'=search_tmdb):
  app/controllers/movies_controller.rb:6:in `show'


  Rendered /home/jaime/.rbenv/versions/2.6.6/lib/ruby/gems/2.6.0/gems/actionpack-4.2.11/lib/action_dispatch/middleware/templates/rescues/_source.erb (1.9ms)
  Rendered /home/jaime/.rbenv/versions/2.6.6/lib/ruby/gems/2.6.0/gems/actionpack-4.2.11/lib/action_dispatch/middleware/templates/rescues/_trace.html.erb (2.6ms)
  Rendered /home/jaime/.rbenv/versions/2.6.6/lib/ruby/gems/2.6.0/gems/actionpack-4.2.11/lib/action_dispatch/middleware/templates/rescues/_request_and_response.html.erb (1.6ms)
  Rendered /home/jaime/.rbenv/versions/2.6.6/lib/ruby/gems/2.6.0/gems/actionpack-4.2.11/lib/action_dispatch/middleware/templates/rescues/diagnostics.html.erb within rescues/layout (11.9ms)


Started GET "/movies/search_tmdb" for 127.0.0.1 at 2023-12-13 09:32:27 -0500
Processing by MoviesController#show as HTML
  Parameters: {"id"=>"search_tmdb"}
  [1m[36mMovie Load (0.1ms)[0m  [1mSELECT  "movies".* FROM "movies" WHERE "movies"."id" = ? LIMIT 1[0m  [["id", 0]]
Completed 404 Not Found in 33ms (ActiveRecord: 1.7ms)

ActiveRecord::RecordNotFound (Couldn't find Movie with 'id'=search_tmdb):
  app/controllers/movies_controller.rb:6:in `show'


  Rendered /home/jaime/.rbenv/versions/2.6.6/lib/ruby/gems/2.6.0/gems/actionpack-4.2.11/lib/action_dispatch/middleware/templates/rescues/_source.erb (2.0ms)
  Rendered /home/jaime/.rbenv/versions/2.6.6/lib/ruby/gems/2.6.0/gems/actionpack-4.2.11/lib/action_dispatch/middleware/templates/rescues/_trace.html.erb (1.2ms)
  Rendered /home/jaime/.rbenv/versions/2.6.6/lib/ruby/gems/2.6.0/gems/actionpack-4.2.11/lib/action_dispatch/middleware/templates/rescues/_request_and_response.html.erb (7.2ms)
  Rendered /home/jaime/.rbenv/versions/2.6.6/lib/ruby/gems/2.6.0/gems/actionpack-4.2.11/lib/action_dispatch/middleware/templates/rescues/diagnostics.html.erb within rescues/layout (20.6ms)


Started GET "/movies/search_tmdb" for 127.0.0.1 at 2023-12-13 09:33:17 -0500
Processing by MoviesController#show as HTML
  Parameters: {"id"=>"search_tmdb"}
  [1m[35mMovie Load (0.1ms)[0m  SELECT  "movies".* FROM "movies" WHERE "movies"."id" = ? LIMIT 1  [["id", 0]]
Completed 404 Not Found in 5ms (ActiveRecord: 0.4ms)

ActiveRecord::RecordNotFound (Couldn't find Movie with 'id'=search_tmdb):
  app/controllers/movies_controller.rb:6:in `show'


  Rendered /home/jaime/.rbenv/versions/2.6.6/lib/ruby/gems/2.6.0/gems/actionpack-4.2.11/lib/action_dispatch/middleware/templates/rescues/_source.erb (1.4ms)
  Rendered /home/jaime/.rbenv/versions/2.6.6/lib/ruby/gems/2.6.0/gems/actionpack-4.2.11/lib/action_dispatch/middleware/templates/rescues/_trace.html.erb (0.8ms)
  Rendered /home/jaime/.rbenv/versions/2.6.6/lib/ruby/gems/2.6.0/gems/actionpack-4.2.11/lib/action_dispatch/middleware/templates/rescues/_request_and_response.html.erb (1.0ms)
  Rendered /home/jaime/.rbenv/versions/2.6.6/lib/ruby/gems/2.6.0/gems/actionpack-4.2.11/lib/action_dispatch/middleware/templates/rescues/diagnostics.html.erb within rescues/layout (10.5ms)


Started GET "/movies/search_tmdb" for 127.0.0.1 at 2023-12-13 09:33:19 -0500
Processing by MoviesController#show as HTML
  Parameters: {"id"=>"search_tmdb"}
  [1m[36mMovie Load (0.1ms)[0m  [1mSELECT  "movies".* FROM "movies" WHERE "movies"."id" = ? LIMIT 1[0m  [["id", 0]]
Completed 404 Not Found in 0ms (ActiveRecord: 0.1ms)

ActiveRecord::RecordNotFound (Couldn't find Movie with 'id'=search_tmdb):
  app/controllers/movies_controller.rb:6:in `show'


  Rendered /home/jaime/.rbenv/versions/2.6.6/lib/ruby/gems/2.6.0/gems/actionpack-4.2.11/lib/action_dispatch/middleware/templates/rescues/_source.erb (1.4ms)
  Rendered /home/jaime/.rbenv/versions/2.6.6/lib/ruby/gems/2.6.0/gems/actionpack-4.2.11/lib/action_dispatch/middleware/templates/rescues/_trace.html.erb (1.0ms)
  Rendered /home/jaime/.rbenv/versions/2.6.6/lib/ruby/gems/2.6.0/gems/actionpack-4.2.11/lib/action_dispatch/middleware/templates/rescues/_request_and_response.html.erb (0.6ms)
  Rendered /home/jaime/.rbenv/versions/2.6.6/lib/ruby/gems/2.6.0/gems/actionpack-4.2.11/lib/action_dispatch/middleware/templates/rescues/diagnostics.html.erb within rescues/layout (16.8ms)


Started GET "/movies/search_tmdb" for 127.0.0.1 at 2023-12-13 09:33:28 -0500
Processing by MoviesController#show as HTML
  Parameters: {"id"=>"search_tmdb"}
  [1m[36mMovie Load (0.1ms)[0m  [1mSELECT  "movies".* FROM "movies" WHERE "movies"."id" = ? LIMIT 1[0m  [["id", 0]]
Completed 404 Not Found in 33ms (ActiveRecord: 1.4ms)

ActiveRecord::RecordNotFound (Couldn't find Movie with 'id'=search_tmdb):
  app/controllers/movies_controller.rb:6:in `show'


  Rendered /home/jaime/.rbenv/versions/2.6.6/lib/ruby/gems/2.6.0/gems/actionpack-4.2.11/lib/action_dispatch/middleware/templates/rescues/_source.erb (1.5ms)
  Rendered /home/jaime/.rbenv/versions/2.6.6/lib/ruby/gems/2.6.0/gems/actionpack-4.2.11/lib/action_dispatch/middleware/templates/rescues/_trace.html.erb (1.2ms)
  Rendered /home/jaime/.rbenv/versions/2.6.6/lib/ruby/gems/2.6.0/gems/actionpack-4.2.11/lib/action_dispatch/middleware/templates/rescues/_request_and_response.html.erb (7.0ms)
  Rendered /home/jaime/.rbenv/versions/2.6.6/lib/ruby/gems/2.6.0/gems/actionpack-4.2.11/lib/action_dispatch/middleware/templates/rescues/diagnostics.html.erb within rescues/layout (20.3ms)


Started GET "/movies/search_tmdb" for 127.0.0.1 at 2023-12-13 09:34:29 -0500
Processing by MoviesController#show as HTML
  Parameters: {"id"=>"search_tmdb"}
  [1m[35mMovie Load (0.2ms)[0m  SELECT  "movies".* FROM "movies" WHERE "movies"."id" = ? LIMIT 1  [["id", 0]]
Completed 404 Not Found in 5ms (ActiveRecord: 0.5ms)

ActiveRecord::RecordNotFound (Couldn't find Movie with 'id'=search_tmdb):
  app/controllers/movies_controller.rb:6:in `show'


  Rendered /home/jaime/.rbenv/versions/2.6.6/lib/ruby/gems/2.6.0/gems/actionpack-4.2.11/lib/action_dispatch/middleware/templates/rescues/_source.erb (1.3ms)
  Rendered /home/jaime/.rbenv/versions/2.6.6/lib/ruby/gems/2.6.0/gems/actionpack-4.2.11/lib/action_dispatch/middleware/templates/rescues/_trace.html.erb (0.9ms)
  Rendered /home/jaime/.rbenv/versions/2.6.6/lib/ruby/gems/2.6.0/gems/actionpack-4.2.11/lib/action_dispatch/middleware/templates/rescues/_request_and_response.html.erb (3.1ms)
  Rendered /home/jaime/.rbenv/versions/2.6.6/lib/ruby/gems/2.6.0/gems/actionpack-4.2.11/lib/action_dispatch/middleware/templates/rescues/diagnostics.html.erb within rescues/layout (13.5ms)


Started GET "/movies/" for 127.0.0.1 at 2023-12-13 09:34:35 -0500
Processing by MoviesController#index as HTML
Redirected to http://localhost:3000/movies?ratings%5BG%5D=1&ratings%5BPG%5D=1&ratings%5BPG-13%5D=1&ratings%5BR%5D=1&sort_by=id
Filter chain halted as :force_index_redirect rendered or redirected
Completed 302 Found in 1ms (ActiveRecord: 0.0ms)


Started GET "/movies?ratings%5BG%5D=1&ratings%5BPG%5D=1&ratings%5BPG-13%5D=1&ratings%5BR%5D=1&sort_by=id" for 127.0.0.1 at 2023-12-13 09:34:36 -0500
Processing by MoviesController#index as HTML
  Parameters: {"ratings"=>{"G"=>"1", "PG"=>"1", "PG-13"=>"1", "R"=>"1"}, "sort_by"=>"id"}
  [1m[36mMovie Load (1.3ms)[0m  [1mSELECT "movies".* FROM "movies" WHERE "movies"."rating" IN ('G', 'PG', 'PG-13', 'R')  ORDER BY id[0m
  Rendered movies/index.html.erb within layouts/application (105.8ms)
  Rendered layouts/_flash.erb (0.4ms)
Completed 200 OK in 311ms (Views: 308.8ms | ActiveRecord: 1.3ms)


Started GET "/movies?ratings%5BG%5D=1&ratings%5BPG%5D=1&ratings%5BPG-13%5D=1&ratings%5BR%5D=1&sort_by=id" for 127.0.0.1 at 2023-12-13 09:35:03 -0500
Processing by MoviesController#index as HTML
  Parameters: {"ratings"=>{"G"=>"1", "PG"=>"1", "PG-13"=>"1", "R"=>"1"}, "sort_by"=>"id"}
  [1m[35mMovie Load (0.1ms)[0m  SELECT "movies".* FROM "movies" WHERE "movies"."rating" IN ('G', 'PG', 'PG-13', 'R')  ORDER BY id
  Rendered movies/index.html.erb within layouts/application (7.7ms)
  Rendered layouts/_flash.erb (0.1ms)
Completed 200 OK in 18ms (Views: 15.9ms | ActiveRecord: 0.5ms)
